C:\Program Files (x86)\Microsoft Visual Studio\2019\Community\Msbuild\Microsoft\VC\v160\Microsoft.CppBuild.targets(499,5): warning MSB8004: Output Directory does not end with a trailing slash.  This build instance will add the slash as it is required to allow proper evaluation of the Output Directory.
  main.cpp
C:\Users\W\Desktop\CITAJ\CUDA-QuickSort_v1.61\src\randomDistr.h(20,12): warning C4244: 'argument': conversion from 'time_t' to 'unsigned int', possible loss of data
C:\Users\W\Desktop\CITAJ\CUDA-QuickSort_v1.61\src\randomDistr.h(81): message : see reference to function template instantiation 'void uniform<Type>(Type *,int)' being compiled
          with
          [
              Type=Type
          ]
C:\Users\W\Desktop\CITAJ\CUDA-QuickSort_v1.61\src\main.cpp(108): message : see reference to function template instantiation 'void distribution<Type>(Type *,int,std::string &)' being compiled
          with
          [
              Type=Type
          ]
C:\Users\W\Desktop\CITAJ\CUDA-QuickSort_v1.61\src\randomDistr.h(45,12): warning C4244: 'argument': conversion from 'time_t' to 'unsigned int', possible loss of data
C:\Users\W\Desktop\CITAJ\CUDA-QuickSort_v1.61\src\randomDistr.h(88): message : see reference to function template instantiation 'void inverseSorted<Type>(Type *,int)' being compiled
          with
          [
              Type=Type
          ]
C:\Users\W\Desktop\CITAJ\CUDA-QuickSort_v1.61\src\randomDistr.h(55,13): warning C4244: 'argument': conversion from 'time_t' to 'unsigned int', possible loss of data
C:\Users\W\Desktop\CITAJ\CUDA-QuickSort_v1.61\src\randomDistr.h(96): message : see reference to function template instantiation 'void gaussian<Type>(Type *,int)' being compiled
          with
          [
              Type=Type
          ]
LINK : warning LNK4075: ignoring '/INCREMENTAL' due to '/LTCG' specification
  Generating code
  1 of 216 functions ( 0.5%) were compiled, the rest were copied from previous compilation.
    0 functions were new in current compilation
    0 functions had inline decision re-evaluated but remain unchanged
  Finished generating code
  cuda-quickSort.vcxproj -> C:\Users\W\Desktop\CITAJ\CUDA-QuickSort_v1.61\Release_win\x64\cuda-quickSort.exe
  copy "C:\Program Files\NVIDIA GPU Computing Toolkit\CUDA\v11.8\bin\cudart*.dll" "C:\Users\W\Desktop\CITAJ\CUDA-QuickSort_v1.61\Release_win\x64\"
  C:\Program Files\NVIDIA GPU Computing Toolkit\CUDA\v11.8\bin\cudart32_110.dll
  C:\Program Files\NVIDIA GPU Computing Toolkit\CUDA\v11.8\bin\cudart64_110.dll
          2 file(s) copied.
