c:\users\w\desktop\citaj\cuda-quicksort_v1.61\release_win\win32\proj\vc142.pdb
c:\users\w\desktop\citaj\cuda-quicksort_v1.61\release_win\win32\proj\main.obj
c:\users\w\desktop\citaj\cuda-quicksort_v1.61\release\fpgquicksort.cu.obj
c:\users\w\desktop\citaj\cuda-quicksort_v1.61\release\scan.cu.obj
c:\users\w\desktop\citaj\cuda-quicksort_v1.61\release\testsorter.cu.obj
c:\users\w\desktop\citaj\cuda-quicksort_v1.61\release_win\win32\cuda-quicksort.exe
c:\users\w\desktop\citaj\cuda-quicksort_v1.61\release_win\win32\proj\cuda-quicksort.ipdb
c:\users\w\desktop\citaj\cuda-quicksort_v1.61\release_win\win32\proj\cuda-quicksort.iobj
c:\users\w\desktop\citaj\cuda-quicksort_v1.61\release_win\win32\cuda-quicksort.pdb
c:\users\w\desktop\citaj\cuda-quicksort_v1.61\release_win\win32\proj\fpgquicksort.cu.cache
c:\users\w\desktop\citaj\cuda-quicksort_v1.61\release_win\win32\proj\scan.cu.cache
c:\users\w\desktop\citaj\cuda-quicksort_v1.61\release_win\win32\proj\testsorter.cu.cache
c:\users\w\desktop\citaj\cuda-quicksort_v1.61\release_win\win32\proj\cuda-quicksort.tlog\cl.command.1.tlog
c:\users\w\desktop\citaj\cuda-quicksort_v1.61\release_win\win32\proj\cuda-quicksort.tlog\cl.read.1.tlog
c:\users\w\desktop\citaj\cuda-quicksort_v1.61\release_win\win32\proj\cuda-quicksort.tlog\cl.write.1.tlog
c:\users\w\desktop\citaj\cuda-quicksort_v1.61\release_win\win32\proj\cuda-quicksort.tlog\cudacompile.read.1u.tlog
c:\users\w\desktop\citaj\cuda-quicksort_v1.61\release_win\win32\proj\cuda-quicksort.tlog\cudacompile.write.1u.tlog
c:\users\w\desktop\citaj\cuda-quicksort_v1.61\release_win\win32\proj\cuda-quicksort.tlog\link.command.1.tlog
c:\users\w\desktop\citaj\cuda-quicksort_v1.61\release_win\win32\proj\cuda-quicksort.tlog\link.read.1.tlog
c:\users\w\desktop\citaj\cuda-quicksort_v1.61\release_win\win32\proj\cuda-quicksort.tlog\link.write.1.tlog
